[debug] [2022-04-17T17:27:32.571Z] ----------------------------------------------------------------------
[debug] [2022-04-17T17:27:32.573Z] Command:       C:\Program Files (x86)\nodejs\node.exe C:\Users\pavel\AppData\Roaming\npm\node_modules\firebase-tools\lib\bin\firebase.js init
[debug] [2022-04-17T17:27:32.573Z] CLI Version:   10.6.0
[debug] [2022-04-17T17:27:32.573Z] Platform:      win32
[debug] [2022-04-17T17:27:32.573Z] Node Version:  v16.13.1
[debug] [2022-04-17T17:27:32.574Z] Time:          Sun Apr 17 2022 23:27:32 GMT+0600 (Bangladesh Standard Time)
[debug] [2022-04-17T17:27:32.574Z] ----------------------------------------------------------------------
[debug] 
[debug] [2022-04-17T17:27:32.642Z] > command requires scopes: ["email","openid","https://www.googleapis.com/auth/cloudplatformprojects.readonly","https://www.googleapis.com/auth/firebase","https://www.googleapis.com/auth/cloud-platform"]
[debug] [2022-04-17T17:27:32.642Z] > authorizing via signed-in user (pavel.playstore@gmail.com)
[info] 
     ######## #### ########  ######## ########     ###     ######  ########
     ##        ##  ##     ## ##       ##     ##  ##   ##  ##       ##
     ######    ##  ########  ######   ########  #########  ######  ######
     ##        ##  ##    ##  ##       ##     ## ##     ##       ## ##
     ##       #### ##     ## ######## ########  ##     ##  ######  ########

You're about to initialize a Firebase project in this directory:

  C:\Projects\Javascript\assignment-10-firebase

Before we get started, keep in mind:

  * You are currently outside your home directory
  * You are initializing within an existing Firebase project directory

[info] 
=== Project Setup
[info] 
[info] First, let's associate this project directory with a Firebase project.
[info] You can create multiple project aliases by running firebase use --add, 
[info] but for now we'll just set up a default project.
[info] 
[debug] [2022-04-17T17:27:51.275Z] Using project from CLI flag: fir-red-onion
[debug] [2022-04-17T17:27:51.277Z] >>> [apiv2][query] GET https://firebase.googleapis.com/v1beta1/projects/fir-red-onion [none]
[debug] [2022-04-17T17:27:52.762Z] <<< [apiv2][status] GET https://firebase.googleapis.com/v1beta1/projects/fir-red-onion 200
[debug] [2022-04-17T17:27:52.762Z] <<< [apiv2][body] GET https://firebase.googleapis.com/v1beta1/projects/fir-red-onion {"projectId":"fir-red-onion","projectNumber":"518733893060","displayName":"firebase-assignment-10","name":"projects/fir-red-onion","resources":{"hostingSite":"fir-red-onion"},"state":"ACTIVE"}
[info] i  Using project fir-red-onion (firebase-assignment-10) 
[info] 
=== Hosting Setup
[info] 
[info] Your public directory is the folder (relative to your project directory) that
[info] will contain Hosting assets to be uploaded with firebase deploy. If you
[info] have a build process for your assets, use your build's output directory.
[info] 
[debug] [2022-04-17T17:28:10.961Z] Error: kill ENOSYS
    at process.kill (node:internal/process/per_thread:215:13)
    at process.listener (C:\Users\pavel\AppData\Roaming\npm\node_modules\firebase-tools\node_modules\signal-exit\index.js:95:15)
    at process.emit (node:events:390:28)
[error] 
[error] Error: An unexpected error has occurred.
